"../../../../../Unreal Projects/Laby/Content/Door/DoorSequence.uasset" 0
"../../../../../Unreal Projects/Laby/Content/DoorSequence.uasset" 1
"../../../Engine/Content/Animation/DefaultAnimBoneCompressionSettings.uasset" 2
"../../../../../Unreal Projects/Laby/Content/Character/Breathing_Idle_Skeleton.uasset" 3
"../../../../../Unreal Projects/Laby/Content/Character/Crouch_Idle.uasset" 4
"../../../../../Unreal Projects/Laby/Content/Character/Crouch_Walk_Forward.uasset" 5
"../../../../../Unreal Projects/Laby/Content/FirstPersonBP/Blueprints/CrouchBS.uasset" 6
"../../../../../Unreal Projects/Laby/Content/Character/Breathing_Idle__1_.uasset" 7
"../../../../../Unreal Projects/Laby/Content/Sounds/step.uasset" 8
"../../../../../Unreal Projects/Laby/Content/Character/Injured_Walking.uasset" 9
"../../../../../Unreal Projects/Laby/Content/FirstPersonBP/Blueprints/WalkBS.uasset" 10
"../../../../../Unreal Projects/Laby/Content/FirstPersonBP/Blueprints/Anim.uasset" 11
"../../../../../Unreal Projects/Laby/Content/Paint/paint.uasset" 12
"../../../../../Unreal Projects/Laby/Content/Paint/paint_Mat.uasset" 13
"../../../../../Unreal Projects/Laby/Content/Paint/PaintBP.uasset" 14
"../../../../../Unreal Projects/Laby/Content/Character/Jill_HiMidRes_diffuse.uasset" 15
"../../../../../Unreal Projects/Laby/Content/Character/Jill_HiMidRes_normal.uasset" 16
"../../../../../Unreal Projects/Laby/Content/Character/Jill_HiMidRes_specular.uasset" 17
"../../../../../Unreal Projects/Laby/Content/Character/Jill_HiMidRes_Body_MAT.uasset" 18
"../../../../../Unreal Projects/Laby/Content/Character/Jill_HiMidRes_Eyes_MAT.uasset" 19
"../../../../../Unreal Projects/Laby/Content/Character/Jill_HiMidRes_EyeSpec_MAT.uasset" 20
"../../../../../Unreal Projects/Laby/Content/Character/Jill_HiMidRes_Gown_MAT.uasset" 21
"../../../../../Unreal Projects/Laby/Content/Character/Jill_HiMidRes_Hair_MAT.uasset" 22
"../../../../../Unreal Projects/Laby/Content/Character/Jill_HiMidRes_Teeth_MAT.uasset" 23
"../../../../../Unreal Projects/Laby/Content/Character/Jill_HiMidRes_Teeth_MAT_ncl1_1.uasset" 24
"../../../../../Unreal Projects/Laby/Content/Character/Breathing_Idle_PhysicsAsset.uasset" 25
"../../../../../Unreal Projects/Laby/Content/Character/Breathing_Idle.uasset" 26
"../../../../../Unreal Projects/Laby/Content/HUD/Key_HUD.uasset" 27
"../../../../../Unreal Projects/Laby/Content/FirstPersonBP/Blueprints/FirstPersonCharacter.uasset" 28
"../../../../../Unreal Projects/Laby/Content/StarterContent/Textures/T_MacroVariation.uasset" 29
"../../../../../Unreal Projects/Laby/Content/StarterContent/Textures/T_Metal_Gold_D.uasset" 30
"../../../../../Unreal Projects/Laby/Content/StarterContent/Textures/T_Metal_Gold_N.uasset" 31
"../../../../../Unreal Projects/Laby/Content/StarterContent/Materials/M_Metal_Gold.uasset" 32
"../../../Engine/Content/Functions/Engine_MaterialFunctions01/Opacity/CameraDepthFade.uasset" 33
"../../../Engine/Content/EngineMaterials/T_Default_Material_Grid_M.uasset" 34
"../../../Engine/Content/EngineMaterials/T_Default_Material_Grid_N.uasset" 35
"../../../Engine/Content/EngineMaterials/DefaultMaterial.uasset" 36
"../../../Engine/Content/BasicShapes/Cylinder.uasset" 37
"../../../Engine/Content/BasicShapes/Sphere.uasset" 38
"../../../../../Unreal Projects/Laby/Content/Door/Key_Blueprint.uasset" 39
"../../../../../Unreal Projects/Laby/Content/Key_Blueprint.uasset" 40
"../../../../../Unreal Projects/Laby/Content/Door/Laby_door_sequence.uasset" 41
"../../../../../Unreal Projects/Laby/Content/Ennemies/Ch30_1001_Diffuse.uasset" 42
"../../../../../Unreal Projects/Laby/Content/Ennemies/Ch30_1001_Glossiness.uasset" 43
"../../../../../Unreal Projects/Laby/Content/Ennemies/Ch30_1001_Normal.uasset" 44
"../../../../../Unreal Projects/Laby/Content/Ennemies/Ch30_1001_Specular.uasset" 45
"../../../../../Unreal Projects/Laby/Content/Ennemies/Ch30_Body.uasset" 46
"../../../../../Unreal Projects/Laby/Content/Ennemies/Ch30_1002_Diffuse.uasset" 47
"../../../../../Unreal Projects/Laby/Content/Ennemies/Ch30_1002_Glossiness.uasset" 48
"../../../../../Unreal Projects/Laby/Content/Ennemies/Ch30_1002_Normal.uasset" 49
"../../../../../Unreal Projects/Laby/Content/Ennemies/Ch30_1002_Specular.uasset" 50
"../../../../../Unreal Projects/Laby/Content/Ennemies/Ch30_Body1.uasset" 51
"../../../../../Unreal Projects/Laby/Content/Ennemies/ZombieIdle_PhysicsAsset.uasset" 52
"../../../../../Unreal Projects/Laby/Content/Ennemies/ZombieIdle_Skeleton.uasset" 53
"../../../../../Unreal Projects/Laby/Content/Ennemies/ZombieIdle.uasset" 54
"../../../../../Unreal Projects/Laby/Content/Ennemies/Enemy.uasset" 55
"../../../../../Unreal Projects/Laby/Content/Ennemies/Enemy2/Zombie2_Skeleton.uasset" 56
"../../../../../Unreal Projects/Laby/Content/Ennemies/Enemy2/Zombie2_Anim_mixamo_com.uasset" 57
"../../../../../Unreal Projects/Laby/Content/Ennemies/Enemy2/Zombie2_Anim_Take_001.uasset" 58
"../../../../../Unreal Projects/Laby/Content/Ennemies/Enemy2/parasiteZombie_diffuse.uasset" 59
"../../../../../Unreal Projects/Laby/Content/Ennemies/Enemy2/parasiteZombie_normal.uasset" 60
"../../../../../Unreal Projects/Laby/Content/Ennemies/Enemy2/parasiteZombie_specular.uasset" 61
"../../../../../Unreal Projects/Laby/Content/Ennemies/Enemy2/parasitezombie_Material.uasset" 62
"../../../../../Unreal Projects/Laby/Content/Ennemies/Enemy2/Zombie_Agonizing_PhysicsAsset.uasset" 63
"../../../../../Unreal Projects/Laby/Content/Ennemies/Enemy2/Zombie_Agonizing.uasset" 64
"../../../../../Unreal Projects/Laby/Content/Ennemies/Enemy2/Zombie_Agonizing_Anim_Take_001.uasset" 65
"../../../../../Unreal Projects/Laby/Content/Ennemies/Enemy2/Zombie_Agonizing_fbm/parasiteZombie_diffuse.uasset" 66
"../../../../../Unreal Projects/Laby/Content/Ennemies/Enemy2/Zombie_Agonizing_fbm/parasiteZombie_normal.uasset" 67
"../../../../../Unreal Projects/Laby/Content/Ennemies/Enemy2/Zombie_Agonizing_fbm/parasiteZombie_specular.uasset" 68
"../../../../../Unreal Projects/Laby/Content/Ennemies/Zombie2_fbm/parasiteZombie_diffuse.uasset" 69
"../../../../../Unreal Projects/Laby/Content/Ennemies/Zombie2_fbm/parasiteZombie_normal.uasset" 70
"../../../../../Unreal Projects/Laby/Content/Ennemies/Zombie2_fbm/parasiteZombie_specular.uasset" 71
"../../../../../Unreal Projects/Laby/Content/Ennemies/Zombie_Agonizing_fbm/parasiteZombie_diffuse.uasset" 72
"../../../../../Unreal Projects/Laby/Content/Ennemies/Zombie_Agonizing_fbm/parasiteZombie_normal.uasset" 73
"../../../../../Unreal Projects/Laby/Content/Ennemies/Zombie_Agonizing_fbm/parasiteZombie_specular.uasset" 74
"../../../../../Unreal Projects/Laby/Content/Ennemies/zombie_fbm/parasiteZombie_diffuse.uasset" 75
"../../../../../Unreal Projects/Laby/Content/Ennemies/zombie_fbm/parasiteZombie_normal.uasset" 76
"../../../../../Unreal Projects/Laby/Content/Ennemies/zombie_fbm/parasiteZombie_specular.uasset" 77
"../../../../../Unreal Projects/Laby/Content/FirstPerson/Character/Mesh/SK_Mannequin_Arms_Skeleton.uasset" 78
"../../../../../Unreal Projects/Laby/Content/FirstPerson/Animations/FirstPerson_Fire.uasset" 79
"../../../../../Unreal Projects/Laby/Content/FirstPerson/Animations/FirstPersonFire_Montage.uasset" 80
"../../../../../Unreal Projects/Laby/Content/FirstPerson/Audio/FirstPersonTemplateWeaponFire02.uasset" 81
"../../../../../Unreal Projects/Laby/Content/FirstPerson/Animations/FirstPerson_Idle.uasset" 82
"../../../../../Unreal Projects/Laby/Content/FirstPerson/Animations/FirstPerson_JumpEnd.uasset" 83
"../../../../../Unreal Projects/Laby/Content/FirstPerson/Animations/FirstPerson_JumpLoop.uasset" 84
"../../../../../Unreal Projects/Laby/Content/FirstPerson/Animations/FirstPerson_JumpStart.uasset" 85
"../../../../../Unreal Projects/Laby/Content/FirstPerson/Animations/FirstPerson_Run.uasset" 86
"../../../Engine/Content/EditorBlueprintResources/StandardMacros.uasset" 87
"../../../../../Unreal Projects/Laby/Content/FirstPerson/Animations/FirstPerson_AnimBP.uasset" 88
"../../../../../Unreal Projects/Laby/Content/FirstPerson/Character/Mesh/FirstPersonAnimBlueprint_Copy.uasset" 89
"../../../Engine/Content/Functions/Engine_MaterialFunctions02/Utility/BlendAngleCorrectedNormals.uasset" 90
"../../../Engine/Content/Functions/MaterialLayerFunctions/MatLayerBlend_NormalBlend.uasset" 91
"../../../Engine/Content/Functions/MaterialLayerFunctions/MatLayerBlend_Simple.uasset" 92
"../../../../../Unreal Projects/Laby/Content/FirstPerson/Character/Materials/MaterialLayers/T_ML_Rubber_Blue_01_D.uasset" 93
"../../../../../Unreal Projects/Laby/Content/FirstPerson/Character/Materials/MaterialLayers/T_ML_Rubber_Blue_01_N.uasset" 94
"../../../../../Unreal Projects/Laby/Content/FirstPerson/Character/Materials/MaterialLayers/ML_GlossyBlack_Latex_UE4.uasset" 95
"../../../../../Unreal Projects/Laby/Content/FirstPerson/Character/Materials/MaterialLayers/ML_Plastic_Shiny_Beige.uasset" 96
"../../../../../Unreal Projects/Laby/Content/FirstPerson/Character/Textures/UE4_LOGO_CARD.uasset" 97
"../../../../../Unreal Projects/Laby/Content/FirstPerson/Character/Materials/MaterialLayers/ML_Plastic_Shiny_Beige_LOGO.uasset" 98
"../../../../../Unreal Projects/Laby/Content/FirstPerson/Character/Materials/MaterialLayers/T_ML_Aluminum01.uasset" 99
"../../../../../Unreal Projects/Laby/Content/FirstPerson/Character/Materials/MaterialLayers/T_ML_Aluminum01_N.uasset" 100
"../../../../../Unreal Projects/Laby/Content/FirstPerson/Character/Materials/MaterialLayers/ML_SoftMetal_UE4.uasset" 101
"../../../../../Unreal Projects/Laby/Content/FirstPerson/Character/Textures/UE4_Mannequin__normals.uasset" 102
"../../../../../Unreal Projects/Laby/Content/FirstPerson/Character/Textures/UE4_Mannequin_MAT_MASKA.uasset" 103
"../../../../../Unreal Projects/Laby/Content/FirstPerson/Character/Materials/M_UE4Man_Body.uasset" 104
"../../../../../Unreal Projects/Laby/Content/FirstPerson/Character/Mesh/SK_Mannequin_Arms_PhysicsAsset.uasset" 105
"../../../../../Unreal Projects/Laby/Content/FirstPerson/Character/Mesh/SK_Mannequin_Arms.uasset" 106
"../../../../../Unreal Projects/Laby/Content/FirstPerson/FPWeapon/Materials/MaterialLayers/ML_Plastic_Shiny_Beige_LOGO.uasset" 107
"../../../../../Unreal Projects/Laby/Content/FirstPerson/FPWeapon/Materials/MaterialLayers/T_ML_FineRubber.uasset" 108
"../../../../../Unreal Projects/Laby/Content/FirstPerson/FPWeapon/Materials/MaterialLayers/T_ML_Rubber_Blue_01_D.uasset" 109
"../../../../../Unreal Projects/Laby/Content/FirstPerson/FPWeapon/Materials/MaterialLayers/T_ML_Rubber_Blue_01_N.uasset" 110
"../../../../../Unreal Projects/Laby/Content/FirstPerson/FPWeapon/Materials/MaterialLayers/ML_GlossyBlack_Latex_UE4.uasset" 111
"../../../../../Unreal Projects/Laby/Content/FirstPerson/FPWeapon/Materials/MaterialLayers/ML_Plastic_Shiny_Beige.uasset" 112
"../../../../../Unreal Projects/Laby/Content/FirstPerson/FPWeapon/Materials/MaterialLayers/ML_Screen.uasset" 113
"../../../../../Unreal Projects/Laby/Content/FirstPerson/FPWeapon/Materials/MaterialLayers/T_ML_Aluminum01.uasset" 114
"../../../../../Unreal Projects/Laby/Content/FirstPerson/FPWeapon/Materials/MaterialLayers/T_ML_Aluminum01_N.uasset" 115
"../../../../../Unreal Projects/Laby/Content/FirstPerson/FPWeapon/Materials/MaterialLayers/ML_SoftMetal_UE4.uasset" 116
"../../../../../Unreal Projects/Laby/Content/FirstPerson/FPWeapon/Textures/T_FPGun_M.uasset" 117
"../../../../../Unreal Projects/Laby/Content/FirstPerson/FPWeapon/Textures/T_FPGun_N.uasset" 118
"../../../../../Unreal Projects/Laby/Content/FirstPerson/FPWeapon/Materials/M_FPGun.uasset" 119
"../../../../../Unreal Projects/Laby/Content/FirstPerson/FPWeapon/Mesh/SK_FPGun_Skeleton.uasset" 120
"../../../../../Unreal Projects/Laby/Content/FirstPerson/FPWeapon/Mesh/SK_FPGun.uasset" 121
"../../../../../Unreal Projects/Laby/Content/FirstPerson/FPWeapon/Mesh/SK_FPGun_PhysicsAsset.uasset" 122
"../../../../../Unreal Projects/Laby/Content/FirstPersonBP/FirstPersonOverview.uasset" 123
"../../../../../Unreal Projects/Laby/Content/FirstPerson/Meshes/BaseMaterial.uasset" 124
"../../../../../Unreal Projects/Laby/Content/FirstPerson/Meshes/FirstPersonProjectileMaterial.uasset" 125
"../../../../../Unreal Projects/Laby/Content/FirstPerson/Meshes/FirstPersonProjectileMesh.uasset" 126
"../../../../../Unreal Projects/Laby/Content/FirstPersonBP/Blueprints/FirstPersonProjectile.uasset" 127
"../../../../../Unreal Projects/Laby/Content/FirstPersonBP/Maps/FirstPersonExampleMap_BuiltData.uasset" 128
"../../../../../Unreal Projects/Laby/Content/Maps/Meshes/WallsTxT_MT_Walls_BaseColor.uasset" 129
"../../../../../Unreal Projects/Laby/Content/Maps/Meshes/WallsTxT_MT_Walls_Normal.uasset" 130
"../../../../../Unreal Projects/Laby/Content/Maps/Meshes/WallsTxT_MT_Walls_OcclusionRoughnessMetallic.uasset" 131
"../../../../../Unreal Projects/Laby/Content/Maps/Meshes/MT_Walls.uasset" 132
"../../../../../Unreal Projects/Laby/Content/Maps/Meshes/SM_HalfWall.uasset" 133
"../../../../../Unreal Projects/Laby/Content/FirstPersonBP/Meshes/SM_HalfWall.uasset" 134
"../../../../../Unreal Projects/Laby/Content/Maps/Meshes/SM_Pillar.uasset" 135
"../../../../../Unreal Projects/Laby/Content/FirstPersonBP/Meshes/SM_Pillar.uasset" 136
"../../../../../Unreal Projects/Laby/Content/Maps/Meshes/SM_Wall.uasset" 137
"../../../../../Unreal Projects/Laby/Content/FirstPersonBP/Meshes/SM_Wall.uasset" 138
"../../../../../Unreal Projects/Laby/Content/Geometry/Meshes/CubeMaterial.uasset" 139
"../../../../../Unreal Projects/Laby/Content/Geometry/Meshes/1M_Cube_Chamfer.uasset" 140
"../../../../../Unreal Projects/Laby/Content/Door/DoorMaterial.uasset" 141
"../../../../../Unreal Projects/Laby/Content/DoorMaterial.uasset" 142
"../../../../../Unreal Projects/Laby/Content/Geometry/Meshes/DoorMaterial.uasset" 143
"../../../../../Unreal Projects/Laby/Content/Geometry/Meshes/TemplateFloor.uasset" 144
"../../../../../Unreal Projects/Laby/Content/StarterContent/Materials/M_Basic_Wall.uasset" 145
"../../../../../Unreal Projects/Laby/Content/StarterContent/Architecture/Pillar_50x500.uasset" 146
"../../../../../Unreal Projects/Laby/Content/StarterContent/Architecture/Wall_400x300.uasset" 147
"../../../../../Unreal Projects/Laby/Content/StarterContent/Architecture/Wall_400x400.uasset" 148
"../../../../../Unreal Projects/Laby/Content/StarterContent/Architecture/Wall_500x500.uasset" 149
"../../../../../Unreal Projects/Laby/Content/StarterContent/Architecture/Wall_Door_400x400.uasset" 150
"../../../../../Unreal Projects/Laby/Content/StarterContent/Architecture/Wall_Window_400x400.uasset" 151
"../../../../../Unreal Projects/Laby/Content/StarterContent/Audio/Collapse01.uasset" 152
"../../../../../Unreal Projects/Laby/Content/StarterContent/Audio/Collapse02.uasset" 153
"../../../../../Unreal Projects/Laby/Content/StarterContent/Audio/Explosion01.uasset" 154
"../../../../../Unreal Projects/Laby/Content/StarterContent/Audio/Explosion02.uasset" 155
"../../../../../Unreal Projects/Laby/Content/StarterContent/Audio/Fire01.uasset" 156
"../../../../../Unreal Projects/Laby/Content/StarterContent/Audio/Fire_Sparks01.uasset" 157
"../../../../../Unreal Projects/Laby/Content/StarterContent/Audio/Light01.uasset" 158
"../../../../../Unreal Projects/Laby/Content/StarterContent/Audio/Light01_Cue.uasset" 159
"../../../../../Unreal Projects/Laby/Content/StarterContent/Audio/Light02.uasset" 160
"../../../../../Unreal Projects/Laby/Content/StarterContent/Audio/Light02_Cue.uasset" 161
"../../../../../Unreal Projects/Laby/Content/StarterContent/Audio/Smoke01.uasset" 162
"../../../../../Unreal Projects/Laby/Content/StarterContent/Audio/Starter_Birds01.uasset" 163
"../../../../../Unreal Projects/Laby/Content/StarterContent/Audio/Starter_Music01.uasset" 164
"../../../../../Unreal Projects/Laby/Content/StarterContent/Audio/Starter_Wind05.uasset" 165
"../../../../../Unreal Projects/Laby/Content/StarterContent/Audio/Starter_Wind06.uasset" 166
"../../../../../Unreal Projects/Laby/Content/StarterContent/Audio/Steam01.uasset" 167
"../../../../../Unreal Projects/Laby/Content/StarterContent/Audio/Explosion_Cue.uasset" 168
"../../../../../Unreal Projects/Laby/Content/StarterContent/Textures/T_Burst_M.uasset" 169
"../../../../../Unreal Projects/Laby/Content/StarterContent/Particles/Materials/M_Burst.uasset" 170
"../../../../../Unreal Projects/Laby/Content/StarterContent/Textures/T_Explosion_SubUV.uasset" 171
"../../../../../Unreal Projects/Laby/Content/StarterContent/Particles/Materials/M_explosion_subUV.uasset" 172
"../../../../../Unreal Projects/Laby/Content/StarterContent/Particles/Materials/m_flare_01.uasset" 173
"../../../Engine/Content/Functions/Engine_MaterialFunctions01/Gradient/RadialGradient.uasset" 174
"../../../../../Unreal Projects/Laby/Content/StarterContent/Particles/Materials/M_radial_ramp.uasset" 175
"../../../../../Unreal Projects/Laby/Content/StarterContent/Textures/T_Smoke_SubUV.uasset" 176
"../../../../../Unreal Projects/Laby/Content/StarterContent/Textures/T_Smoke_Tiled_D.uasset" 177
"../../../../../Unreal Projects/Laby/Content/StarterContent/Particles/Materials/M_smoke_subUV.uasset" 178
"../../../../../Unreal Projects/Laby/Content/StarterContent/Particles/P_Explosion.uasset" 179
"../../../../../Unreal Projects/Laby/Content/StarterContent/Blueprints/Blueprint_Effect_Explosion.uasset" 180
"../../../Engine/Content/EditorMeshes/ColorCalibrator/T_ColorGrid.uasset" 181
"../../../../../Unreal Projects/Laby/Content/StarterContent/Materials/M_ColorGrid_LowSpec.uasset" 182
"../../../../../Unreal Projects/Laby/Content/StarterContent/Textures/T_Bush_D.uasset" 183
"../../../../../Unreal Projects/Laby/Content/StarterContent/Textures/T_Bush_N.uasset" 184
"../../../../../Unreal Projects/Laby/Content/StarterContent/Props/Materials/M_Bush.uasset" 185
"../../../../../Unreal Projects/Laby/Content/StarterContent/Props/SM_Bush.uasset" 186
"../../../../../Unreal Projects/Laby/Content/StarterContent/Textures/T_Chair_M.uasset" 187
"../../../../../Unreal Projects/Laby/Content/StarterContent/Textures/T_Chair_N.uasset" 188
"../../../../../Unreal Projects/Laby/Content/StarterContent/Props/Materials/M_Chair.uasset" 189
"../../../../../Unreal Projects/Laby/Content/StarterContent/Props/SM_Couch.uasset" 190
"../../../../../Unreal Projects/Laby/Content/StarterContent/Materials/M_Glass.uasset" 191
"../../../../../Unreal Projects/Laby/Content/StarterContent/Textures/T_Door_M.uasset" 192
"../../../../../Unreal Projects/Laby/Content/StarterContent/Textures/T_Door_N.uasset" 193
"../../../../../Unreal Projects/Laby/Content/StarterContent/Props/Materials/M_Door.uasset" 194
"../../../../../Unreal Projects/Laby/Content/StarterContent/Props/SM_Door.uasset" 195
"../../../../../Unreal Projects/Laby/Content/StarterContent/Props/Materials/M_MaterialSphere.uasset" 196
"../../../../../Unreal Projects/Laby/Content/StarterContent/Props/Materials/M_MaterialSphere_Plain.uasset" 197
"../../../../../Unreal Projects/Laby/Content/StarterContent/Props/SM_MatPreviewMesh_02.uasset" 198
"../../../../../Unreal Projects/Laby/Content/StarterContent/Textures/T_Detail_Rocky_N.uasset" 199
"../../../../../Unreal Projects/Laby/Content/StarterContent/Textures/T_Rock_Basalt_D.uasset" 200
"../../../../../Unreal Projects/Laby/Content/StarterContent/Textures/T_RockMesh_M.uasset" 201
"../../../../../Unreal Projects/Laby/Content/StarterContent/Textures/T_RockMesh_N.uasset" 202
"../../../../../Unreal Projects/Laby/Content/StarterContent/Props/Materials/M_Rock.uasset" 203
"../../../../../Unreal Projects/Laby/Content/StarterContent/Props/SM_Rock.uasset" 204
"../../../../../Unreal Projects/Laby/Content/StarterContent/Textures/T_Shelf_M.uasset" 205
"../../../../../Unreal Projects/Laby/Content/StarterContent/Textures/T_Shelf_N.uasset" 206
"../../../../../Unreal Projects/Laby/Content/StarterContent/Props/Materials/M_Shelf.uasset" 207
"../../../../../Unreal Projects/Laby/Content/StarterContent/Props/SM_Shelf.uasset" 208
"../../../../../Unreal Projects/Laby/Content/StarterContent/Materials/M_Basic_Floor.uasset" 209
"../../../../../Unreal Projects/Laby/Content/StarterContent/Props/SM_Stairs.uasset" 210
"../../../../../Unreal Projects/Laby/Content/StarterContent/Shapes/Shape_Cone.uasset" 211
"../../../../../Unreal Projects/Laby/Content/StarterContent/Shapes/Shape_Cylinder.uasset" 212
"../../../../../Unreal Projects/Laby/Content/StarterContent/Shapes/Shape_NarrowCapsule.uasset" 213
"../../../../../Unreal Projects/Laby/Content/StarterContent/Shapes/Shape_Pipe.uasset" 214
"../../../../../Unreal Projects/Laby/Content/StarterContent/Shapes/Shape_Pipe_180.uasset" 215
"../../../../../Unreal Projects/Laby/Content/StarterContent/Shapes/Shape_Pipe_90.uasset" 216
"../../../../../Unreal Projects/Laby/Content/StarterContent/Shapes/Shape_Plane.uasset" 217
"../../../../../Unreal Projects/Laby/Content/StarterContent/Shapes/Shape_Torus.uasset" 218
"../../../../../Unreal Projects/Laby/Content/StarterContent/Shapes/Shape_Trim.uasset" 219
"../../../../../Unreal Projects/Laby/Content/StarterContent/Shapes/Shape_Trim_90_In.uasset" 220
"../../../../../Unreal Projects/Laby/Content/StarterContent/Shapes/Shape_Trim_90_Out.uasset" 221
"../../../../../Unreal Projects/Laby/Content/StarterContent/Shapes/Shape_TriPyramid.uasset" 222
"../../../../../Unreal Projects/Laby/Content/StarterContent/Shapes/Shape_Tube.uasset" 223
"../../../../../Unreal Projects/Laby/Content/StarterContent/Shapes/Shape_Wedge_A.uasset" 224
"../../../../../Unreal Projects/Laby/Content/StarterContent/Shapes/Shape_Wedge_B.uasset" 225
"../../../../../Unreal Projects/Laby/Content/StarterContent/Shapes/Shape_WideCapsule.uasset" 226
"../../../Engine/Content/Animation/DefaultAnimCurveCompressionSettings.uasset" 227
"../../../Engine/Content/EngineMaterials/WorldGridMaterial.uasset" 228
"../../../Engine/Content/ArtTools/RenderToTexture/Meshes/S_1_Unit_Plane.uasset" 229
"../../../Engine/Content/BasicShapes/Cone.uasset" 230
"../../../Engine/Content/BasicShapes/Plane.uasset" 231
"../../../Engine/Content/EditorLandscapeResources/DataLayer.uasset" 232
"../../../Engine/Content/EditorMaterials/MAT_Groups_Toggle.uasset" 233
"../../../Engine/Content/EditorMaterials/MAT_Groups_Visibility.uasset" 234
"../../../Engine/Content/EditorMaterials/PreviewShadowIndicator.uasset" 235
"../../../Engine/Content/EditorMaterials/PreviewShadowIndicatorMaterial.uasset" 236
"../../../Engine/Content/EditorMaterials/MatineeGroups/MAT_ColorTrack.uasset" 237
"../../../Engine/Content/EditorMaterials/MatineeGroups/MAT_Groups_Anim.uasset" 238
"../../../Engine/Content/EditorMaterials/MatineeGroups/MAT_Groups_AudioMaster.uasset" 239
"../../../Engine/Content/EditorMaterials/MatineeGroups/MAT_Groups_Director.uasset" 240
"../../../Engine/Content/EditorMaterials/MatineeGroups/MAT_Groups_Event.uasset" 241
"../../../Engine/Content/EditorMaterials/MatineeGroups/MAT_Groups_Fade.uasset" 242
"../../../Engine/Content/EditorMaterials/MatineeGroups/MAT_Groups_Float.uasset" 243
"../../../Engine/Content/EditorMaterials/MatineeGroups/MAT_Groups_Move.uasset" 244
"../../../Engine/Content/EditorMaterials/MatineeGroups/MAT_Groups_Slomo.uasset" 245
"../../../Engine/Content/EditorMaterials/MatineeGroups/MAT_Groups_Sound.uasset" 246
"../../../Engine/Content/EditorMaterials/MatineeGroups/MAT_Groups_Vector.uasset" 247
"../../../Engine/Content/EditorMaterials/ParticleSystems/PSysThumbnail_NoImage.uasset" 248
"../../../Engine/Content/EditorMaterials/ParticleSystems/PSysThumbnail_OOD.uasset" 249
"../../../Engine/Content/EditorMaterials/Camera/CineMat.uasset" 250
"../../../Engine/Content/EditorMaterials/Camera/MI_CineMat_Rig.uasset" 251
"../../../Engine/Content/EditorMeshes/Camera/SM_CraneRig_Arm.uasset" 252
"../../../Engine/Content/EditorMeshes/Camera/SM_CraneRig_Base.uasset" 253
"../../../Engine/Content/EditorMeshes/Camera/SM_CraneRig_Body.uasset" 254
"../../../Engine/Content/EditorMeshes/Camera/SM_CraneRig_Mount.uasset" 255
"../../../Engine/Content/EditorMeshes/Camera/SM_RailRig_Mount.uasset" 256
"../../../Engine/Content/EditorMeshes/Camera/SM_RailRig_Track.uasset" 257
"../../../Engine/Content/EditorResources/BSPVertex.uasset" 258
"../../../Engine/Content/EditorResources/EmptyActor.uasset" 259
"../../../Engine/Content/EditorResources/S_Actor.uasset" 260
"../../../Engine/Content/EditorResources/S_Note.uasset" 261
"../../../Engine/Content/EditorResources/S_Solver.uasset" 262
"../../../Engine/Content/EditorResources/S_Trigger.uasset" 263
"../../../Engine/Content/EditorResources/AudioIcons/S_AudioComponent.uasset" 264
"../../../Engine/Content/EditorResources/AudioIcons/S_AudioComponent_AutoActivate.uasset" 265
"../../../Engine/Content/EditorResources/LightIcons/S_LightError.uasset" 266
"../../../Engine/Content/EditorResources/SequenceRecorder/Countdown.uasset" 267
"../../../Engine/Content/EditorResources/SequenceRecorder/RecordingIndicator.uasset" 268
"../../../Engine/Content/EditorSounds/Notifications/CompileFailed.uasset" 269
"../../../Engine/Content/EditorSounds/Notifications/CompileFailed_Cue.uasset" 270
"../../../Engine/Content/EditorSounds/Notifications/CompileSuccess.uasset" 271
"../../../Engine/Content/EditorSounds/Notifications/CompileStart_Cue.uasset" 272
"../../../Engine/Content/EditorSounds/Notifications/CompileSuccess_Cue.uasset" 273
"../../../Engine/Content/EngineDamageTypes/DmgTypeBP_Environmental.uasset" 274
"../../../Engine/Content/EngineDebugMaterials/DebugEditorMaterial.uasset" 275
"../../../Engine/Content/EngineDebugMaterials/DebugMeshMaterial.uasset" 276
"../../../Engine/Content/EngineDebugMaterials/M_SimpleUnlitTranslucent.uasset" 277
"../../../Engine/Content/Functions/Engine_MaterialFunctions02/Utility/CameraDirectionVector.uasset" 278
"../../../Engine/Content/EngineDebugMaterials/VolumeToRender.uasset" 279
"../../../Engine/Content/EngineDebugMaterials/M_VolumeRenderSphereTracePP.uasset" 280
"../../../Engine/Content/EngineDebugMaterials/WireframeMaterial.uasset" 281
"../../../Engine/Content/EngineFonts/Faces/DroidSansFallback.uasset" 282
"../../../Engine/Content/EngineFonts/Faces/RobotoBold.uasset" 283
"../../../Engine/Content/EngineFonts/Faces/RobotoBoldItalic.uasset" 284
"../../../Engine/Content/EngineFonts/Faces/RobotoItalic.uasset" 285
"../../../Engine/Content/EngineFonts/Faces/RobotoLight.uasset" 286
"../../../Engine/Content/EngineFonts/Faces/RobotoRegular.uasset" 287
"../../../Engine/Content/EngineFonts/Roboto.uasset" 288
"../../../Engine/Content/EngineMaterials/BaseFlattenDiffuseMap.uasset" 289
"../../../Engine/Content/EngineMaterials/BaseFlattenEmissiveMap.uasset" 290
"../../../Engine/Content/EngineMaterials/BaseFlattenGrayscaleMap.uasset" 291
"../../../Engine/Content/EngineMaterials/BaseFlattenNormalMap.uasset" 292
"../../../Engine/Content/EngineMaterials/BaseFlattenMaterial.uasset" 293
"../../../Engine/Content/EngineMaterials/BlueNoise.uasset" 294
"../../../Engine/Content/EngineMaterials/DefaultBloomKernel.uasset" 295
"../../../Engine/Content/EngineMaterials/DefaultBokeh.uasset" 296
"../../../Engine/Content/EngineMaterials/DefaultDiffuse.uasset" 297
"../../../Engine/Content/EngineMaterials/DefaultDeferredDecalMaterial.uasset" 298
"../../../Engine/Content/EngineMaterials/DefaultLightFunctionMaterial.uasset" 299
"../../../Engine/Content/Functions/Engine_MaterialFunctions02/Utility/BreakOutFloat2Components.uasset" 300
"../../../Engine/Content/EngineMaterials/DefaultPostProcessMaterial.uasset" 301
"../../../Engine/Content/EngineFonts/RobotoDistanceField.uasset" 302
"../../../Engine/Content/EngineMaterials/DefaultTextMaterialOpaque.uasset" 303
"../../../Engine/Content/EngineMaterials/DefaultWhiteGrid.uasset" 304
"../../../Engine/Content/EngineMaterials/DefaultWhiteGrid_Low.uasset" 305
"../../../Engine/Content/EngineMaterials/EmissiveMeshMaterial.uasset" 306
"../../../Engine/Content/EngineMaterials/GizmoMaterial.uasset" 307
"../../../Engine/Content/EngineMaterials/Good64x64TilingNoiseHighFreq.uasset" 308
"../../../Engine/Content/EngineMaterials/MiniFont.uasset" 309
"../../../Engine/Content/EngineMaterials/InvalidLightmapSettings.uasset" 310
"../../../Engine/Content/EngineMaterials/M_InvalidLightmapSettings.uasset" 311
"../../../Engine/Content/Functions/Engine_MaterialFunctions02/WorldPositionOffset/CameraOffset.uasset" 312
"../../../Engine/Content/EngineMaterials/PhAT_JointLimitMaterial.uasset" 313
"../../../Engine/Content/EngineMaterials/PreintegratedSkinBRDF.uasset" 314
"../../../Engine/Content/EngineMaterials/RemoveSurfaceMaterial.uasset" 315
"../../../Engine/Content/EngineMaterials/WeightMapPlaceholderTexture.uasset" 316
"../../../Engine/Content/EngineResources/WhiteSquareTexture.uasset" 317
"../../../Engine/Content/EngineMaterials/Widget3DPassThrough.uasset" 318
"../../../Engine/Content/EngineMaterials/Widget3DPassThrough_Masked.uasset" 319
"../../../Engine/Content/EngineMaterials/Widget3DPassThrough_Opaque.uasset" 320
"../../../Engine/Content/EngineMaterials/Widget3DPassThrough_Masked_OneSided.uasset" 321
"../../../Engine/Content/EngineMaterials/Widget3DPassThrough_Opaque_OneSided.uasset" 322
"../../../Engine/Content/EngineMaterials/Widget3DPassThrough_Translucent.uasset" 323
"../../../Engine/Content/EngineMaterials/Widget3DPassThrough_Translucent_OneSided.uasset" 324
"../../../Engine/Content/EngineMeshes/Cylinder.uasset" 325
"../../../Engine/Content/EngineMeshes/Sphere.uasset" 326
"../../../Engine/Content/EngineResources/Black.uasset" 327
"../../../Engine/Content/EngineResources/DefaultTexture.uasset" 328
"../../../Engine/Content/EngineResources/DefaultTextureCube.uasset" 329
"../../../Engine/Content/EngineResources/DefaultVolumeTexture2D.uasset" 330
"../../../Engine/Content/EngineResources/DefaultVolumeTexture.uasset" 331
"../../../Engine/Content/EngineResources/GradientTexture0.uasset" 332
"../../../Engine/Content/EngineSounds/Master.uasset" 333
"../../../Engine/Content/Functions/Engine_MaterialFunctions01/Shading/ConvertFromDiffSpec.uasset" 334
"../../../Engine/Content/Functions/Engine_MaterialFunctions01/Shading/PowerToRoughness.uasset" 335
"../../../Engine/Content/Maps/Templates/Thumbnails/Default.uasset" 336
"../../../Engine/Content/Maps/Templates/Thumbnails/TimeOfDay.uasset" 337
"../../../Engine/Content/Maps/Templates/Thumbnails/VR-Basic.uasset" 338
"../../../Engine/Content/MobileResources/T_MobileControls_texture.uasset" 339
"../../../Engine/Content/MobileResources/T_MobileMenu2.uasset" 340
"../../../Engine/Content/MobileResources/HUD/AnalogHat.uasset" 341
"../../../Engine/Content/MobileResources/HUD/VirtualJoystick_Background.uasset" 342
"../../../Engine/Content/MobileResources/HUD/VirtualJoystick_Thumb.uasset" 343
"../../../Engine/Content/MobileResources/HUD/DefaultVirtualJoysticks.uasset" 344
"../../../Engine/Content/MobileResources/HUD/LeftVirtualJoystickOnly.uasset" 345
"../../../Engine/Content/MobileResources/HUD/MobileHUDButton1_off.uasset" 346
"../../../Engine/Content/MobileResources/HUD/MobileHUDButton1_on.uasset" 347
"../../../Engine/Content/MobileResources/HUD/MobileHUDButton2_off.uasset" 348
"../../../Engine/Content/MobileResources/HUD/MobileHUDButton2_on.uasset" 349
"../../../Engine/Content/MobileResources/HUD/MobileHUDButton3.uasset" 350
"../../../Engine/Content/MobileResources/HUD/MobileHUDButtonFire.uasset" 351
"../../../Engine/Content/MobileResources/HUD/MobileHUDDirectionPad.uasset" 352
"../../../Engine/Content/MobileResources/HUD/MobileHUDDirectionPad2.uasset" 353
"../../../Engine/Content/MobileResources/HUD/MobileHUDDirectionPad3.uasset" 354
"../../../Engine/Content/MobileResources/HUD/MobileHUDDirectionStick.uasset" 355
"../../../Engine/Content/MobileResources/HUD/T_Castle_ThumbstickInner.uasset" 356
"../../../Engine/Content/MobileResources/HUD/T_Castle_ThumbstickOutter.uasset" 357
"../../../Engine/Content/Tutorial/ContentIntroCurve.uasset" 358
"../../../Engine/Content/Tutorial/Basics/LevelEditorAttract.uasset" 359
"../../../Engine/Content/Tutorial/Basics/TutorialAssets/icon_tab_Levels_40x.uasset" 360
"../../../Engine/Content/Tutorial/Basics/LevelEditorOverview.uasset" 361
"../../../Engine/Content/Tutorial/BlueprintTutorials/TutorialAssets/Blueprint_64x.uasset" 362
"../../../Engine/Content/Tutorial/BlueprintTutorials/BlueprintEditorTutorial.uasset" 363
"../../../Engine/Content/VREditor/LaserPointer/VR_LaserPower_01.uasset" 364
"../../../Engine/Content/VREditor/TransformGizmo/TransformGizmoMaterial.uasset" 365
"../../../Engine/Content/VREditor/TransformGizmo/TranslucentTransformGizmoMaterial.uasset" 366
"../../../Engine/Content/VREditor/TransformGizmo/BoundingBoxCorner.uasset" 367
"../../../Engine/Content/VREditor/TransformGizmo/BoundingBoxEdge.uasset" 368
"../../../Engine/Content/VREditor/TransformGizmo/PlaneTranslationHandle.uasset" 369
"../../../Engine/Content/VREditor/TransformGizmo/Main.uasset" 370
"../../../Engine/Content/VREditor/TransformGizmo/Xray.uasset" 371
"../../../Engine/Content/VREditor/TransformGizmo/SM_Sequencer_Key.uasset" 372
"../../../Engine/Content/VREditor/TransformGizmo/SM_Sequencer_Node.uasset" 373
"../../Plugins/2D/Paper2D/Content/PlaceholderTextures/DummySpriteTexture.uasset" 374
"../../Plugins/2D/Paper2D/Content/DummySprite.uasset" 375
"../../Plugins/2D/Paper2D/Content/DefaultPaperTerrainMaterial.uasset" 376
"../../Plugins/2D/Paper2D/Content/DefaultSpriteMaterial.uasset" 377
"../../Plugins/2D/Paper2D/Content/MaskedUnlitSpriteMaterial.uasset" 378
"../../Plugins/2D/Paper2D/Content/OpaqueUnlitSpriteMaterial.uasset" 379
"../../Plugins/FX/Niagara/Content/Enums/ENiagaraBooleanLogicOps.uasset" 380
"../../Plugins/FX/Niagara/Content/Enums/ENiagaraCoordinateSpace.uasset" 381
"../../Plugins/FX/Niagara/Content/Enums/ENiagaraExpansionMode.uasset" 382
"../../Plugins/FX/Niagara/Content/Enums/ENiagaraOrientationAxis.uasset" 383
"../../Plugins/FX/Niagara/Content/Enums/ENiagaraRandomnessMode.uasset" 384
"../../../Engine/Content/Functions/Engine_MaterialFunctions02/Utility/BreakOutFloat4Components.uasset" 385
"../../../Engine/Content/Functions/Engine_MaterialFunctions02/Utility/MakeFloat2.uasset" 386
"../../../Engine/Content/Functions/Engine_MaterialFunctions02/Utility/MakeFloat3.uasset" 387
"../../Plugins/Runtime/Oculus/OculusVR/Content/Materials/OculusMR_ChromaKey.uasset" 388
"../../Plugins/Runtime/Oculus/OculusVR/Content/Materials/OculusMR_ChromaKey_Lit.uasset" 389
"../../Plugins/Runtime/Oculus/OculusVR/Content/Materials/OculusMR_OpaqueColoredMaterial.uasset" 390
"../../Plugins/Runtime/Oculus/OculusVR/Content/Materials/OculusMR_WhiteMaterial.uasset" 391
"../../../../../Unreal Projects/Laby/Content/Ennemies/Enemy2/Mutant_Run.uasset" 392
"../../../../../Unreal Projects/Laby/Content/Ennemies/Enemy2/Zombie_Agonizing_Anim_mixamo_com.uasset" 393
"../../../../../Unreal Projects/Laby/Content/Ennemies/Enemy2/Zombie2BS.uasset" 394
"../../../../../Unreal Projects/Laby/Content/Ennemies/Enemy2/Zombie2anim.uasset" 395
"../../../../../Unreal Projects/Laby/Content/Ennemies/Enemy2/parasiteZombie_Mat.uasset" 396
"../../../../../Unreal Projects/Laby/Content/Ennemies/Enemy2/Zombie2_PhysicsAsset.uasset" 397
"../../../../../Unreal Projects/Laby/Content/Ennemies/Enemy2/Zombie2.uasset" 398
"../../../../../Unreal Projects/Laby/Content/Ennemies/EnemyPatrolBP.uasset" 399
"../../../../../Unreal Projects/Laby/Content/Ennemies/Running_Crawl.uasset" 400
"../../../../../Unreal Projects/Laby/Content/Ennemies/ZombieIdle_Anim_mixamo_com.uasset" 401
"../../../../../Unreal Projects/Laby/Content/Ennemies/BSZombie.uasset" 402
"../../../../../Unreal Projects/Laby/Content/Ennemies/AnimZombieGraph.uasset" 403
"../../../../../Unreal Projects/Laby/Content/Ennemies/EnemyStatic.uasset" 404
"../../../Engine/Content/EngineSky/C_Sky_Cloud_Color.uasset" 405
"../../../Engine/Content/EngineSky/C_Sky_Horizon_Color.uasset" 406
"../../../Engine/Content/EngineSky/C_Sky_Zenith_Color.uasset" 407
"../../../Engine/Content/EngineSky/T_Sky_Blue.uasset" 408
"../../../Engine/Content/EngineSky/T_Sky_Clouds_M.uasset" 409
"../../../Engine/Content/EngineSky/T_Sky_Stars.uasset" 410
"../../../Engine/Content/EngineSky/M_Sky_Panning_Clouds2.uasset" 411
"../../../Engine/Content/EngineSky/SM_SkySphere.uasset" 412
"../../../Engine/Content/EngineSky/BP_Sky_Sphere.uasset" 413
"../../../../../Unreal Projects/Laby/Content/FirstPerson/Textures/FirstPersonCrosshair.uasset" 414
"../../../../../Unreal Projects/Laby/Content/FirstPersonBP/Blueprints/FirstPersonHUD.uasset" 415
"../../../../../Unreal Projects/Laby/Content/FirstPersonBP/Blueprints/Intro.uasset" 416
"../../../../../Unreal Projects/Laby/Content/FirstPersonBP/Blueprints/FirstPersonGameMode.uasset" 417
"../../../../../Unreal Projects/Laby/Content/Maps/FirstPersonExampleMap_BuiltData.uasset" 418
"../../../Engine/Content/Functions/Engine_MaterialFunctions03/Procedurals/ComputeFilterWidth.uasset" 419
"../../../Engine/Content/EngineMaterials/AntiAliasedTextMaterialTranslucent.uasset" 420
"../../../../../Unreal Projects/Laby/Content/FirstPerson/Meshes/CubeMaterialOverride.uasset" 421
"../../../../../Unreal Projects/Laby/Content/Geometry/Meshes/1M_Cube.uasset" 422
"../../../../../Unreal Projects/Laby/Content/Maps/FirstPersonExampleMap.umap" 423
"../../../../../Unreal Projects/Laby/Content/Maps/Laby_test_BuiltData.uasset" 424
"../../../../../Unreal Projects/Laby/Content/Geometry/Meshes/seamless_dirt_ground_texture_by_hhh316_d4fon0w-fullview.uasset" 425
"../../../../../Unreal Projects/Laby/Content/Geometry/Meshes/MT_Terrain.uasset" 426
"../../../../../Unreal Projects/Laby/Content/StarterContent/Textures/T_Perlin_Noise_M.uasset" 427
"../../../../../Unreal Projects/Laby/Content/StarterContent/Textures/T_Wood_Pine_D.uasset" 428
"../../../../../Unreal Projects/Laby/Content/StarterContent/Textures/T_Wood_Pine_N.uasset" 429
"../../../../../Unreal Projects/Laby/Content/StarterContent/Materials/M_Wood_Pine.uasset" 430
"../../../Engine/Content/BasicShapes/Cube.uasset" 431
"../../../Engine/Content/EngineMaterials/DefaultPhysicalMaterial.uasset" 432
"../../../../../Unreal Projects/Laby/Content/Sounds/Ambient.uasset" 433
"../../../../../Unreal Projects/Laby/Content/Maps/Laby_test.umap" 434
"../../../../../Unreal Projects/Laby/Content/Maps/Theo_BuiltData.uasset" 435
"../../../../../Unreal Projects/Laby/Content/Key_HUD.uasset" 436
"../../../../../Unreal Projects/Laby/Content/Maps/Theo.umap" 437
"../../../../../Unreal Projects/Laby/Content/StarterContent/Blueprints/Assets/FogBrightnessLUT.uasset" 438
"../../../../../Unreal Projects/Laby/Content/StarterContent/Blueprints/Assets/SunlightColorLUT.uasset" 439
"../../../../../Unreal Projects/Laby/Content/StarterContent/Blueprints/Assets/M_LightStage_Arrows.uasset" 440
"../../../Engine/Content/MapTemplates/Sky/DaylightAmbientCubemap.uasset" 441
"../../../../../Unreal Projects/Laby/Content/StarterContent/Blueprints/Assets/M_LightStage_Skybox_Master.uasset" 442
"../../../../../Unreal Projects/Laby/Content/StarterContent/Blueprints/Assets/M_LightStage_Skybox_Black.uasset" 443
"../../../../../Unreal Projects/Laby/Content/StarterContent/Blueprints/Assets/M_LightStage_Skybox_HDRI.uasset" 444
"../../../Engine/Content/EditorMaterials/Thumbnails/SkySphereMaterial.uasset" 445
"../../../../../Unreal Projects/Laby/Content/StarterContent/Blueprints/Assets/Skybox.uasset" 446
"../../../../../Unreal Projects/Laby/Content/StarterContent/Blueprints/Assets/SM_Arrows.uasset" 447
"../../../../../Unreal Projects/Laby/Content/StarterContent/HDRI/HDRI_Epic_Courtyard_Daylight.uasset" 448
"../../../../../Unreal Projects/Laby/Content/StarterContent/Blueprints/BP_LightStudio.uasset" 449
"../../../../../Unreal Projects/Laby/Content/StarterContent/Maps/Advanced_Lighting_BuiltData.uasset" 450
"../../../../../Unreal Projects/Laby/Content/StarterContent/Materials/M_AssetPlatform.uasset" 451
"../../../Engine/Content/EditorMeshes/ColorCalibrator/M_ChromeBall.uasset" 452
"../../../Engine/Content/EditorMeshes/ColorCalibrator/M_ClearCoat.uasset" 453
"../../../Engine/Content/EditorMeshes/ColorCalibrator/M_ClearCoatBlack.uasset" 454
"../../../Engine/Content/EditorMeshes/ColorCalibrator/Color_checker.uasset" 455
"../../../Engine/Content/EditorMeshes/ColorCalibrator/M_ColorGrid.uasset" 456
"../../../Engine/Content/EditorMeshes/ColorCalibrator/M_GreyBall.uasset" 457
"../../../Engine/Content/EditorMeshes/ColorCalibrator/SM_ColorCalibrator.uasset" 458
"../../../../../Unreal Projects/Laby/Content/StarterContent/Architecture/SM_AssetPlatform.uasset" 459
"../../../../../Unreal Projects/Laby/Content/StarterContent/Maps/Advanced_Lighting.umap" 460
"../../../../../Unreal Projects/Laby/Content/StarterContent/Maps/Minimal_Default_BuiltData.uasset" 461
"../../../../../Unreal Projects/Laby/Content/StarterContent/Materials/M_Metal_Brushed_Nickel.uasset" 462
"../../../../../Unreal Projects/Laby/Content/StarterContent/Textures/T_Metal_Aluminum_D.uasset" 463
"../../../../../Unreal Projects/Laby/Content/StarterContent/Materials/M_Metal_Burnished_Steel.uasset" 464
"../../../../../Unreal Projects/Laby/Content/StarterContent/Textures/T_Metal_Copper_D.uasset" 465
"../../../../../Unreal Projects/Laby/Content/StarterContent/Materials/M_Metal_Copper.uasset" 466
"../../../../../Unreal Projects/Laby/Content/StarterContent/Textures/T_Statue_M.uasset" 467
"../../../../../Unreal Projects/Laby/Content/StarterContent/Textures/T_Statue_N.uasset" 468
"../../../../../Unreal Projects/Laby/Content/StarterContent/Props/Materials/M_StatueGlass.uasset" 469
"../../../../../Unreal Projects/Laby/Content/StarterContent/Architecture/Floor_400x400.uasset" 470
"../../../../../Unreal Projects/Laby/Content/StarterContent/Audio/Starter_Background_Cue.uasset" 471
"../../../../../Unreal Projects/Laby/Content/StarterContent/Props/SM_Chair.uasset" 472
"../../../../../Unreal Projects/Laby/Content/StarterContent/Props/Materials/M_Statue.uasset" 473
"../../../../../Unreal Projects/Laby/Content/StarterContent/Props/SM_Statue.uasset" 474
"../../../../../Unreal Projects/Laby/Content/StarterContent/Textures/T_TableRound_M.uasset" 475
"../../../../../Unreal Projects/Laby/Content/StarterContent/Textures/T_TableRound_N.uasset" 476
"../../../../../Unreal Projects/Laby/Content/StarterContent/Props/Materials/M_TableRound.uasset" 477
"../../../../../Unreal Projects/Laby/Content/StarterContent/Props/SM_TableRound.uasset" 478
"../../../../../Unreal Projects/Laby/Content/StarterContent/Maps/Minimal_Default.umap" 479
"../../../../../Unreal Projects/Laby/Content/StarterContent/Audio/Fire01_Cue.uasset" 480
"../../../../../Unreal Projects/Laby/Content/StarterContent/Textures/T_Fire_SubUV.uasset" 481
"../../../../../Unreal Projects/Laby/Content/StarterContent/Textures/T_Fire_Tiled_D.uasset" 482
"../../../../../Unreal Projects/Laby/Content/StarterContent/Particles/Materials/M_Fire_SubUV.uasset" 483
"../../../../../Unreal Projects/Laby/Content/StarterContent/Textures/T_Water_N.uasset" 484
"../../../../../Unreal Projects/Laby/Content/StarterContent/Particles/Materials/M_Heat_Distortion.uasset" 485
"../../../../../Unreal Projects/Laby/Content/StarterContent/Particles/Materials/M_Radial_Gradient.uasset" 486
"../../../../../Unreal Projects/Laby/Content/StarterContent/Particles/P_Fire.uasset" 487
"../../../../../Unreal Projects/Laby/Content/StarterContent/Blueprints/Blueprint_Effect_Fire.uasset" 488
"../../../../../Unreal Projects/Laby/Content/StarterContent/Audio/Smoke01_Cue.uasset" 489
"../../../../../Unreal Projects/Laby/Content/StarterContent/Particles/P_Smoke.uasset" 490
"../../../../../Unreal Projects/Laby/Content/StarterContent/Blueprints/Blueprint_Effect_Smoke.uasset" 491
"../../../../../Unreal Projects/Laby/Content/StarterContent/Audio/Fire_Sparks01_Cue.uasset" 492
"../../../../../Unreal Projects/Laby/Content/StarterContent/Textures/T_Spark_Core.uasset" 493
"../../../../../Unreal Projects/Laby/Content/StarterContent/Particles/Materials/M_Spark.uasset" 494
"../../../../../Unreal Projects/Laby/Content/StarterContent/Particles/P_Sparks.uasset" 495
"../../../../../Unreal Projects/Laby/Content/StarterContent/Blueprints/Blueprint_Effect_Sparks.uasset" 496
"../../../../../Unreal Projects/Laby/Content/StarterContent/Audio/Steam01_Cue.uasset" 497
"../../../../../Unreal Projects/Laby/Content/StarterContent/Particles/P_Steam_Lit.uasset" 498
"../../../../../Unreal Projects/Laby/Content/StarterContent/Blueprints/Blueprint_Effect_Steam.uasset" 499
"../../../../../Unreal Projects/Laby/Content/StarterContent/Textures/T_Lamp_M.uasset" 500
"../../../../../Unreal Projects/Laby/Content/StarterContent/Textures/T_Lamp_N.uasset" 501
"../../../../../Unreal Projects/Laby/Content/StarterContent/Props/Materials/M_Lamp.uasset" 502
"../../../../../Unreal Projects/Laby/Content/StarterContent/Props/SM_Lamp_Ceiling.uasset" 503
"../../../../../Unreal Projects/Laby/Content/StarterContent/Blueprints/Blueprint_CeilingLight.uasset" 504
"../../../../../Unreal Projects/Laby/Content/StarterContent/Props/SM_Lamp_Wall.uasset" 505
"../../../../../Unreal Projects/Laby/Content/StarterContent/Blueprints/Blueprint_WallSconce.uasset" 506
"../../../../../Unreal Projects/Laby/Content/StarterContent/Maps/StarterMap_BuiltData.uasset" 507
"../../../../../Unreal Projects/Laby/Content/StarterContent/Textures/T_Brick_Clay_Beveled_D.uasset" 508
"../../../../../Unreal Projects/Laby/Content/StarterContent/Textures/T_Brick_Clay_Beveled_M.uasset" 509
"../../../../../Unreal Projects/Laby/Content/StarterContent/Textures/T_Brick_Clay_Beveled_N.uasset" 510
"../../../../../Unreal Projects/Laby/Content/StarterContent/Materials/M_Brick_Clay_Beveled.uasset" 511
"../../../../../Unreal Projects/Laby/Content/StarterContent/Textures/T_Brick_Clay_New_D.uasset" 512
"../../../../../Unreal Projects/Laby/Content/StarterContent/Textures/T_Brick_Clay_New_M.uasset" 513
"../../../../../Unreal Projects/Laby/Content/StarterContent/Textures/T_Brick_Clay_New_N.uasset" 514
"../../../../../Unreal Projects/Laby/Content/StarterContent/Materials/M_Brick_Clay_New.uasset" 515
"../../../../../Unreal Projects/Laby/Content/StarterContent/Textures/T_Brick_Clay_Old_D.uasset" 516
"../../../../../Unreal Projects/Laby/Content/StarterContent/Textures/T_Brick_Clay_Old_N.uasset" 517
"../../../../../Unreal Projects/Laby/Content/StarterContent/Materials/M_Brick_Clay_Old.uasset" 518
"../../../../../Unreal Projects/Laby/Content/StarterContent/Textures/T_Brick_Cut_Stone_D.uasset" 519
"../../../../../Unreal Projects/Laby/Content/StarterContent/Textures/T_Brick_Cut_Stone_N.uasset" 520
"../../../../../Unreal Projects/Laby/Content/StarterContent/Materials/M_Brick_Cut_Stone.uasset" 521
"../../../../../Unreal Projects/Laby/Content/StarterContent/Textures/T_Brick_Hewn_Stone_D.uasset" 522
"../../../../../Unreal Projects/Laby/Content/StarterContent/Textures/T_Brick_Hewn_Stone_M.uasset" 523
"../../../../../Unreal Projects/Laby/Content/StarterContent/Textures/T_Brick_Hewn_Stone_N.uasset" 524
"../../../../../Unreal Projects/Laby/Content/StarterContent/Materials/M_Brick_Hewn_Stone.uasset" 525
"../../../../../Unreal Projects/Laby/Content/StarterContent/Textures/T_Ceramic_Tile_M.uasset" 526
"../../../../../Unreal Projects/Laby/Content/StarterContent/Textures/T_Ceramic_Tile_N.uasset" 527
"../../../../../Unreal Projects/Laby/Content/StarterContent/Textures/T_Rock_Marble_Polished_D.uasset" 528
"../../../../../Unreal Projects/Laby/Content/StarterContent/Materials/M_Ceramic_Tile_Checker.uasset" 529
"../../../../../Unreal Projects/Laby/Content/StarterContent/Textures/T_CobbleStone_Pebble_D.uasset" 530
"../../../../../Unreal Projects/Laby/Content/StarterContent/Textures/T_CobbleStone_Pebble_M.uasset" 531
"../../../../../Unreal Projects/Laby/Content/StarterContent/Textures/T_CobbleStone_Pebble_N.uasset" 532
"../../../../../Unreal Projects/Laby/Content/StarterContent/Materials/M_CobbleStone_Pebble.uasset" 533
"../../../../../Unreal Projects/Laby/Content/StarterContent/Textures/T_CobbleStone_Rough_D.uasset" 534
"../../../../../Unreal Projects/Laby/Content/StarterContent/Textures/T_CobbleStone_Rough_N.uasset" 535
"../../../../../Unreal Projects/Laby/Content/StarterContent/Textures/T_Gradinet_01.uasset" 536
"../../../../../Unreal Projects/Laby/Content/StarterContent/Textures/T_Rock_Smooth_Granite_D.uasset" 537
"../../../../../Unreal Projects/Laby/Content/StarterContent/Materials/M_CobbleStone_Rough.uasset" 538
"../../../../../Unreal Projects/Laby/Content/StarterContent/Textures/T_CobbleStone_Smooth_D.uasset" 539
"../../../../../Unreal Projects/Laby/Content/StarterContent/Textures/T_CobbleStone_Smooth_M.uasset" 540
"../../../../../Unreal Projects/Laby/Content/StarterContent/Textures/T_CobbleStone_Smooth_N.uasset" 541
"../../../../../Unreal Projects/Laby/Content/StarterContent/Materials/M_CobbleStone_Smooth.uasset" 542
"../../../../../Unreal Projects/Laby/Content/StarterContent/Textures/T_Concrete_Grime_D.uasset" 543
"../../../../../Unreal Projects/Laby/Content/StarterContent/Textures/T_Metal_Rust_N.uasset" 544
"../../../../../Unreal Projects/Laby/Content/StarterContent/Materials/M_Concrete_Grime.uasset" 545
"../../../../../Unreal Projects/Laby/Content/StarterContent/Textures/T_Concrete_Panels_D.uasset" 546
"../../../../../Unreal Projects/Laby/Content/StarterContent/Textures/T_Concrete_Panels_N.uasset" 547
"../../../../../Unreal Projects/Laby/Content/StarterContent/Materials/M_Concrete_Panels.uasset" 548
"../../../../../Unreal Projects/Laby/Content/StarterContent/Textures/T_Concrete_Poured_D.uasset" 549
"../../../../../Unreal Projects/Laby/Content/StarterContent/Textures/T_Concrete_Poured_N.uasset" 550
"../../../../../Unreal Projects/Laby/Content/StarterContent/Materials/M_Concrete_Poured.uasset" 551
"../../../../../Unreal Projects/Laby/Content/StarterContent/Textures/T_Concrete_Tiles_D.uasset" 552
"../../../../../Unreal Projects/Laby/Content/StarterContent/Textures/T_Concrete_Tiles_M.uasset" 553
"../../../../../Unreal Projects/Laby/Content/StarterContent/Textures/T_Concrete_Tiles_N.uasset" 554
"../../../../../Unreal Projects/Laby/Content/StarterContent/Textures/T_Concrete_Tiles_Variation_M.uasset" 555
"../../../../../Unreal Projects/Laby/Content/StarterContent/Materials/M_Concrete_Tiles.uasset" 556
"../../../../../Unreal Projects/Laby/Content/StarterContent/Textures/T_Ground_Grass_D.uasset" 557
"../../../../../Unreal Projects/Laby/Content/StarterContent/Textures/T_Ground_Grass_N.uasset" 558
"../../../../../Unreal Projects/Laby/Content/StarterContent/Materials/M_Ground_Grass.uasset" 559
"../../../../../Unreal Projects/Laby/Content/StarterContent/Textures/T_Ground_Gravel_D.uasset" 560
"../../../../../Unreal Projects/Laby/Content/StarterContent/Textures/T_Ground_Gravel_N.uasset" 561
"../../../../../Unreal Projects/Laby/Content/StarterContent/Materials/M_Ground_Gravel.uasset" 562
"../../../../../Unreal Projects/Laby/Content/StarterContent/Textures/T_ground_Moss_D.uasset" 563
"../../../../../Unreal Projects/Laby/Content/StarterContent/Textures/T_Ground_Moss_N.uasset" 564
"../../../../../Unreal Projects/Laby/Content/StarterContent/Materials/M_Ground_Moss.uasset" 565
"../../../../../Unreal Projects/Laby/Content/StarterContent/Materials/M_Metal_Chrome.uasset" 566
"../../../../../Unreal Projects/Laby/Content/StarterContent/Textures/T_Metal_Rust_D.uasset" 567
"../../../../../Unreal Projects/Laby/Content/StarterContent/Materials/M_Metal_Rust.uasset" 568
"../../../../../Unreal Projects/Laby/Content/StarterContent/Textures/T_Metal_Steel_D.uasset" 569
"../../../../../Unreal Projects/Laby/Content/StarterContent/Textures/T_Metal_Steel_N.uasset" 570
"../../../../../Unreal Projects/Laby/Content/StarterContent/Materials/M_Metal_Steel.uasset" 571
"../../../../../Unreal Projects/Laby/Content/StarterContent/Textures/T_Rock_Basalt_N.uasset" 572
"../../../../../Unreal Projects/Laby/Content/StarterContent/Materials/M_Rock_Basalt.uasset" 573
"../../../../../Unreal Projects/Laby/Content/StarterContent/Materials/M_Rock_Marble_Polished.uasset" 574
"../../../../../Unreal Projects/Laby/Content/StarterContent/Textures/T_Rock_Sandstone_D.uasset" 575
"../../../../../Unreal Projects/Laby/Content/StarterContent/Textures/T_Rock_Sandstone_N.uasset" 576
"../../../../../Unreal Projects/Laby/Content/StarterContent/Materials/M_Rock_Sandstone.uasset" 577
"../../../../../Unreal Projects/Laby/Content/StarterContent/Textures/T_Rock_Slate_D.uasset" 578
"../../../../../Unreal Projects/Laby/Content/StarterContent/Textures/T_Rock_Slate_N.uasset" 579
"../../../../../Unreal Projects/Laby/Content/StarterContent/Materials/M_Rock_Slate.uasset" 580
"../../../../../Unreal Projects/Laby/Content/StarterContent/Textures/T_Checker_Noise_M.uasset" 581
"../../../../../Unreal Projects/Laby/Content/StarterContent/Textures/T_Single_Tile_N.uasset" 582
"../../../../../Unreal Projects/Laby/Content/StarterContent/Textures/T_Tech_Dot_M.uasset" 583
"../../../../../Unreal Projects/Laby/Content/StarterContent/Textures/T_Tech_Dot_N.uasset" 584
"../../../../../Unreal Projects/Laby/Content/StarterContent/Materials/M_Tech_Checker_Dot.uasset" 585
"../../../../../Unreal Projects/Laby/Content/StarterContent/Textures/T_Tech_Hex_Tile_M.uasset" 586
"../../../../../Unreal Projects/Laby/Content/StarterContent/Textures/T_Tech_Hex_Tile_N.uasset" 587
"../../../../../Unreal Projects/Laby/Content/StarterContent/Materials/M_Tech_Hex_Tile.uasset" 588
"../../../../../Unreal Projects/Laby/Content/StarterContent/Materials/M_Tech_Hex_Tile_Pulse.uasset" 589
"../../../../../Unreal Projects/Laby/Content/StarterContent/Textures/T_Tech_Panel_M.uasset" 590
"../../../../../Unreal Projects/Laby/Content/StarterContent/Textures/T_Tech_Panel_N.uasset" 591
"../../../../../Unreal Projects/Laby/Content/StarterContent/Materials/M_Tech_Panel.uasset" 592
"../../../../../Unreal Projects/Laby/Content/StarterContent/Materials/M_Water_Lake.uasset" 593
"../../../../../Unreal Projects/Laby/Content/StarterContent/Textures/T_Water_M.uasset" 594
"../../../../../Unreal Projects/Laby/Content/StarterContent/Materials/M_Water_Ocean.uasset" 595
"../../../../../Unreal Projects/Laby/Content/StarterContent/Textures/T_Wood_Floor_Walnut_D.uasset" 596
"../../../../../Unreal Projects/Laby/Content/StarterContent/Textures/T_Wood_Floor_Walnut_M.uasset" 597
"../../../../../Unreal Projects/Laby/Content/StarterContent/Textures/T_Wood_Floor_Walnut_N.uasset" 598
"../../../../../Unreal Projects/Laby/Content/StarterContent/Materials/M_Wood_Floor_Walnut_Polished.uasset" 599
"../../../Engine/Content/Functions/Engine_MaterialFunctions01/Opacity/AlphaOffset.uasset" 600
"../../../../../Unreal Projects/Laby/Content/StarterContent/Materials/M_Wood_Floor_Walnut_Worn.uasset" 601
"../../../../../Unreal Projects/Laby/Content/StarterContent/Textures/T_Wood_Oak_D.uasset" 602
"../../../../../Unreal Projects/Laby/Content/StarterContent/Textures/T_Wood_Oak_N.uasset" 603
"../../../../../Unreal Projects/Laby/Content/StarterContent/Materials/M_Wood_Oak.uasset" 604
"../../../../../Unreal Projects/Laby/Content/StarterContent/Textures/T_Wood_Walnut_D.uasset" 605
"../../../../../Unreal Projects/Laby/Content/StarterContent/Textures/T_Wood_Walnut_N.uasset" 606
"../../../../../Unreal Projects/Laby/Content/StarterContent/Materials/M_Wood_Walnut.uasset" 607
"../../../../../Unreal Projects/Laby/Content/StarterContent/Architecture/Wall_400x200.uasset" 608
"../../../../../Unreal Projects/Laby/Content/StarterContent/Architecture/Wall_Door_400x300.uasset" 609
"../../../../../Unreal Projects/Laby/Content/StarterContent/Architecture/Wall_Window_400x300.uasset" 610
"../../../../../Unreal Projects/Laby/Content/StarterContent/Audio/Collapse_Cue.uasset" 611
"../../../../../Unreal Projects/Laby/Content/StarterContent/Audio/Starter_Music_Cue.uasset" 612
"../../../../../Unreal Projects/Laby/Content/StarterContent/Textures/T_Dust_Particle_D.uasset" 613
"../../../../../Unreal Projects/Laby/Content/StarterContent/Particles/Materials/M_Dust_Particle.uasset" 614
"../../../../../Unreal Projects/Laby/Content/StarterContent/Particles/P_Ambient_Dust.uasset" 615
"../../../../../Unreal Projects/Laby/Content/StarterContent/Props/MaterialSphere.uasset" 616
"../../../../../Unreal Projects/Laby/Content/StarterContent/Textures/T_Frame_M.uasset" 617
"../../../../../Unreal Projects/Laby/Content/StarterContent/Textures/T_Frame_N.uasset" 618
"../../../../../Unreal Projects/Laby/Content/StarterContent/Props/Materials/M_Frame.uasset" 619
"../../../../../Unreal Projects/Laby/Content/StarterContent/Props/SM_CornerFrame.uasset" 620
"../../../../../Unreal Projects/Laby/Content/StarterContent/Props/SM_DoorFrame.uasset" 621
"../../../../../Unreal Projects/Laby/Content/StarterContent/Props/SM_GlassWindow.uasset" 622
"../../../../../Unreal Projects/Laby/Content/StarterContent/Props/SM_PillarFrame.uasset" 623
"../../../../../Unreal Projects/Laby/Content/StarterContent/Props/SM_PillarFrame300.uasset" 624
"../../../../../Unreal Projects/Laby/Content/StarterContent/Props/SM_WindowFrame.uasset" 625
"../../../../../Unreal Projects/Laby/Content/StarterContent/Shapes/Shape_Cube.uasset" 626
"../../../../../Unreal Projects/Laby/Content/StarterContent/Shapes/Shape_QuadPyramid.uasset" 627
"../../../../../Unreal Projects/Laby/Content/StarterContent/Shapes/Shape_Sphere.uasset" 628
"../../../../../Unreal Projects/Laby/Content/StarterContent/Maps/StarterMap.umap" 629
"../../../Engine/Content/Maps/Entry_BuiltData.uasset" 630
"../../../Engine/Content/Maps/Entry.umap" 631
